-------------------------------------------------------------------------------
Test set: AppTest
-------------------------------------------------------------------------------
Tests run: 1, Failures: 1, Errors: 0, Skipped: 0, Time elapsed: 0.391 s <<< FAILURE! - in AppTest
testMovementUp  Time elapsed: 0.025 s  <<< FAILURE!
org.opentest4j.AssertionFailedError: Character did not move up as expected ==> expected: <836> but was: <840>
	at AppTest.testMovementUp(AppTest.java:22)

