-------------------------------------------------------------------------------
Test set: Documents.object.BloodStainTest
-------------------------------------------------------------------------------
Tests run: 1, Failures: 0, Errors: 1, Skipped: 0, Time elapsed: 0.042 s <<< FAILURE! - in Documents.object.BloodStainTest
Documents.object.BloodStainTest  Time elapsed: 0.042 s  <<< ERROR!
org.junit.platform.commons.JUnitException: @BeforeAll method 'public void Documents.object.BloodStainTest.setUp()' must be static unless the test class is annotated with @TestInstance(Lifecycle.PER_CLASS).

