-------------------------------------------------------------------------------
Test set: Documents.object.StairTest
-------------------------------------------------------------------------------
Tests run: 1, Failures: 0, Errors: 1, Skipped: 0, Time elapsed: 0 s <<< FAILURE! - in Documents.object.StairTest
Documents.object.StairTest  Time elapsed: 0 s  <<< ERROR!
org.junit.platform.commons.JUnitException: @BeforeAll method 'public void Documents.object.StairTest.setUp()' must be static unless the test class is annotated with @TestInstance(Lifecycle.PER_CLASS).

