-------------------------------------------------------------------------------
Test set: Documents.object.DoorTest
-------------------------------------------------------------------------------
Tests run: 1, Failures: 0, Errors: 1, Skipped: 0, Time elapsed: 0.005 s <<< FAILURE! - in Documents.object.DoorTest
Documents.object.DoorTest  Time elapsed: 0.005 s  <<< ERROR!
org.junit.platform.commons.JUnitException: @BeforeAll method 'public void Documents.object.DoorTest.setUp()' must be static unless the test class is annotated with @TestInstance(Lifecycle.PER_CLASS).

