<?xml version="1.0" encoding="UTF-8"?>
<testsuite xmlns:xsi="http://www.w3.org/2001/XMLSchema-instance" xsi:noNamespaceSchemaLocation="https://maven.apache.org/surefire/maven-surefire-plugin/xsd/surefire-test-report.xsd" name="Documents.entity.DemonTest" time="0.712" tests="25" errors="0" skipped="0" failures="0">
  <properties>
[...]
</properties>
  <testcase name="testUpdateWithoutDistanceExceeding1" classname="Documents.entity.DemonTest" time="0.279"/>
  <testcase name="testUpdateWithoutDistanceExceeding2" classname="Documents.entity.DemonTest" time="0.03"/>
  <testcase name="testUpdateWithoutCollisionDirectionNone" classname="Documents.entity.DemonTest" time="0.027"/>
  <testcase name="testUpdateWithoutCollisionMovementNone" classname="Documents.entity.DemonTest" time="0.02"/>
  <testcase name="testUpdateWithoutCollisionUp" classname="Documents.entity.DemonTest" time="0.018"/>
  <testcase name="testUpdateWithoutCollisionRight" classname="Documents.entity.DemonTest" time="0.019"/>
  <testcase name="testUpdateSpriteCountIncrement" classname="Documents.entity.DemonTest" time="0.027"/>
  <testcase name="testUpdateSpriteNumToggles" classname="Documents.entity.DemonTest" time="0.019"/>
  <testcase name="testUpdateDistance" classname="Documents.entity.DemonTest" time="0.018"/>
  <testcase name="testSetActionOnPathTrue" classname="Documents.entity.DemonTest" time="0.018"/>
  <testcase name="testUpdateWithCollision" classname="Documents.entity.DemonTest" time="0.016"/>
  <testcase name="testSetActionOnPathFalseActionTrue10" classname="Documents.entity.DemonTest" time="0.017"/>
  <testcase name="testSetActionOnPathFalseActionFalse" classname="Documents.entity.DemonTest" time="0.017"/>
  <testcase name="testSetActionOnPathFalseActionTrue1" classname="Documents.entity.DemonTest" time="0.027"/>
  <testcase name="testSetActionOnPathFalseActionTrue2" classname="Documents.entity.DemonTest" time="0.017"/>
  <testcase name="testSetActionOnPathFalseActionTrue3" classname="Documents.entity.DemonTest" time="0.013"/>
  <testcase name="testSetActionOnPathFalseActionTrue4" classname="Documents.entity.DemonTest" time="0.015"/>
  <testcase name="testSetActionOnPathFalseActionTrue5" classname="Documents.entity.DemonTest" time="0.013"/>
  <testcase name="testSetActionOnPathFalseActionTrue6" classname="Documents.entity.DemonTest" time="0.013"/>
  <testcase name="testSetActionOnPathFalseActionTrue7" classname="Documents.entity.DemonTest" time="0.014"/>
  <testcase name="testSetActionOnPathFalseActionTrue8" classname="Documents.entity.DemonTest" time="0.015"/>
  <testcase name="testSetActionOnPathFalseActionTrue9" classname="Documents.entity.DemonTest" time="0.013"/>
  <testcase name="testUpdateWithoutCollisionDown" classname="Documents.entity.DemonTest" time="0.013"/>
  <testcase name="testUpdateWithoutCollisionLeft" classname="Documents.entity.DemonTest" time="0.013"/>
  <testcase name="testUpdateSpriteCountSame" classname="Documents.entity.DemonTest" time="0.014"/>
</testsuite>