<?xml version="1.0" encoding="UTF-8"?>
<testsuite xmlns:xsi="http://www.w3.org/2001/XMLSchema-instance" xsi:noNamespaceSchemaLocation="https://maven.apache.org/surefire/maven-surefire-plugin/xsd/surefire-test-report.xsd" name="Documents.entity.MainCharacterTest" time="0.191" tests="3" errors="0" skipped="0" failures="0">
  <properties>
[...]
</properties>
  <testcase name="drawTest" classname="Documents.entity.MainCharacterTest" time="0"/>
  <testcase name="pickUpObjTest" classname="Documents.entity.MainCharacterTest" time="0.159"/>
  <testcase name="testUpdate" classname="Documents.entity.MainCharacterTest" time="0.015"/>
</testsuite>