<?xml version="1.0" encoding="UTF-8"?>
<testsuite xmlns:xsi="http://www.w3.org/2001/XMLSchema-instance" xsi:noNamespaceSchemaLocation="https://maven.apache.org/surefire/maven-surefire-plugin/xsd/surefire-test-report.xsd" name="AppTest" time="0.391" tests="1" errors="0" skipped="0" failures="1">
  <properties>
[...]
</properties>
  <testcase name="testMovementUp" classname="AppTest" time="0.025">
    <failure message="Character did not move up as expected ==&gt; expected: &lt;836&gt; but was: &lt;840&gt;" type="org.opentest4j.AssertionFailedError"><![CDATA[org.opentest4j.AssertionFailedError: Character did not move up as expected ==> expected: <836> but was: <840>
	at AppTest.testMovementUp(AppTest.java:22)
]]></failure>
  </testcase>
</testsuite>