<?xml version="1.0" encoding="UTF-8"?>
<testsuite xmlns:xsi="http://www.w3.org/2001/XMLSchema-instance" xsi:noNamespaceSchemaLocation="https://maven.apache.org/surefire/maven-surefire-plugin/xsd/surefire-test-report.xsd" name="Documents.entity.MonsterTest" time="0.138" tests="11" errors="0" skipped="0" failures="0">
  <properties>
[...]
</properties>
  <testcase name="testUpdateWithoutCollisionDirectionNone" classname="Documents.entity.MonsterTest" time="0.007"/>
  <testcase name="testUpdateWithoutCollisionMovementNone" classname="Documents.entity.MonsterTest" time="0.01"/>
  <testcase name="testUpdateWithoutCollisionUp" classname="Documents.entity.MonsterTest" time="0.01"/>
  <testcase name="testUpdateWithoutCollisionRight" classname="Documents.entity.MonsterTest" time="0.01"/>
  <testcase name="testUpdateSpriteCountIncrement" classname="Documents.entity.MonsterTest" time="0.011"/>
  <testcase name="testUpdateSpriteNumToggles" classname="Documents.entity.MonsterTest" time="0.012"/>
  <testcase name="testUpdateDistance" classname="Documents.entity.MonsterTest" time="0.011"/>
  <testcase name="testUpdateWithCollision" classname="Documents.entity.MonsterTest" time="0.011"/>
  <testcase name="testUpdateWithoutCollisionDown" classname="Documents.entity.MonsterTest" time="0.017"/>
  <testcase name="testUpdateWithoutCollisionLeft" classname="Documents.entity.MonsterTest" time="0.027"/>
  <testcase name="testUpdateSpriteCountSame" classname="Documents.entity.MonsterTest" time="0.011"/>
</testsuite>